mode: set
github.com/SillyMoo/concordance-go/tokeniser/tokeniser.go:14.53,15.46 1 1
github.com/SillyMoo/concordance-go/tokeniser/tokeniser.go:15.46,17.12 2 1
github.com/SillyMoo/concordance-go/tokeniser/tokeniser.go:21.3,21.25 1 1
github.com/SillyMoo/concordance-go/tokeniser/tokeniser.go:17.12,20.4 2 1
github.com/SillyMoo/concordance-go/tokeniser/tokeniser.go:21.25,23.4 1 1
github.com/SillyMoo/concordance-go/tokeniser/tokeniser.go:28.49,29.43 1 1
github.com/SillyMoo/concordance-go/tokeniser/tokeniser.go:29.43,32.22 3 1
github.com/SillyMoo/concordance-go/tokeniser/tokeniser.go:32.22,34.4 1 1
github.com/SillyMoo/concordance-go/tokeniser/tokeniser.go:43.84,44.29 1 1
github.com/SillyMoo/concordance-go/tokeniser/tokeniser.go:49.2,50.52 2 1
github.com/SillyMoo/concordance-go/tokeniser/tokeniser.go:57.2,60.54 2 1
github.com/SillyMoo/concordance-go/tokeniser/tokeniser.go:79.2,79.32 1 1
github.com/SillyMoo/concordance-go/tokeniser/tokeniser.go:82.2,82.20 1 1
github.com/SillyMoo/concordance-go/tokeniser/tokeniser.go:44.29,46.3 1 0
github.com/SillyMoo/concordance-go/tokeniser/tokeniser.go:50.52,53.26 3 1
github.com/SillyMoo/concordance-go/tokeniser/tokeniser.go:53.26,54.9 1 1
github.com/SillyMoo/concordance-go/tokeniser/tokeniser.go:60.54,63.45 3 1
github.com/SillyMoo/concordance-go/tokeniser/tokeniser.go:69.3,69.42 1 1
github.com/SillyMoo/concordance-go/tokeniser/tokeniser.go:63.45,66.4 1 1
github.com/SillyMoo/concordance-go/tokeniser/tokeniser.go:66.5,66.51 1 1
github.com/SillyMoo/concordance-go/tokeniser/tokeniser.go:66.51,68.4 1 1
github.com/SillyMoo/concordance-go/tokeniser/tokeniser.go:69.42,70.27 1 1
github.com/SillyMoo/concordance-go/tokeniser/tokeniser.go:70.27,72.28 2 1
github.com/SillyMoo/concordance-go/tokeniser/tokeniser.go:72.28,74.6 1 1
github.com/SillyMoo/concordance-go/tokeniser/tokeniser.go:79.32,81.3 1 1
github.com/SillyMoo/concordance-go/tokeniser/tokeniser.go:87.80,88.29 1 1
github.com/SillyMoo/concordance-go/tokeniser/tokeniser.go:93.2,94.52 2 1
github.com/SillyMoo/concordance-go/tokeniser/tokeniser.go:102.2,105.54 2 1
github.com/SillyMoo/concordance-go/tokeniser/tokeniser.go:124.2,124.32 1 1
github.com/SillyMoo/concordance-go/tokeniser/tokeniser.go:131.2,131.20 1 1
github.com/SillyMoo/concordance-go/tokeniser/tokeniser.go:88.29,90.3 1 0
github.com/SillyMoo/concordance-go/tokeniser/tokeniser.go:94.52,97.49 3 1
github.com/SillyMoo/concordance-go/tokeniser/tokeniser.go:97.49,98.9 1 1
github.com/SillyMoo/concordance-go/tokeniser/tokeniser.go:105.54,108.25 3 1
github.com/SillyMoo/concordance-go/tokeniser/tokeniser.go:108.25,110.24 1 1
github.com/SillyMoo/concordance-go/tokeniser/tokeniser.go:110.24,112.5 1 1
github.com/SillyMoo/concordance-go/tokeniser/tokeniser.go:112.6,114.5 1 1
github.com/SillyMoo/concordance-go/tokeniser/tokeniser.go:115.5,115.52 1 1
github.com/SillyMoo/concordance-go/tokeniser/tokeniser.go:115.52,118.4 1 1
github.com/SillyMoo/concordance-go/tokeniser/tokeniser.go:118.5,118.53 1 1
github.com/SillyMoo/concordance-go/tokeniser/tokeniser.go:118.53,121.4 1 1
github.com/SillyMoo/concordance-go/tokeniser/tokeniser.go:124.32,125.23 1 1
github.com/SillyMoo/concordance-go/tokeniser/tokeniser.go:125.23,127.4 1 1
github.com/SillyMoo/concordance-go/tokeniser/tokeniser.go:127.5,129.4 1 1
